# JRE version: OpenJDK Runtime Environment Temurin-21.0.11+10 (21.0.11+10) (build 21.0.11+10-LTS)
# Java VM: OpenJDK 64-Bit Server VM Temurin-21.0.11+10 (21.0.11+10-LTS, mixed mode, sharing, tiered, compressed oops, compressed class ptrs, g1 gc, windows-amd64)
GC Precious Log:
 CardTable entry size: 512
 Card Set container configuration: InlinePtr #cards 4 size 8 Array Of Cards #cards 32 size 80 Howl #buckets 8 coarsen threshold 7372 Howl Bitmap #cards 1024 size 144 coarsen threshold 921 Card regions per heap region 1 cards per card region 8192
 CPUs: 8 total, 8 available
 Memory: 32610M
 Large Page Support: Disabled
 NUMA Support: Disabled
 Compressed Oops: Enabled (Zero based)
 Heap Region Size: 4M
 Heap Min Capacity: 8M
 Heap Initial Capacity: 512M
 Heap Max Capacity: 8156M
 Pre-touch: Disabled
 Parallel Workers: 8
 Concurrent Workers: 2
 Concurrent Refinement Workers: 8
 Periodic GC: Disabled
Heap:
 garbage-first heap   total 524288K, used 60184K [0x0000000602400000, 0x0000000800000000)
  region size 4096K, 5 young (20480K), 5 survivors (20480K)
 Metaspace       used 3100K, committed 3200K, reserved 1114112K
  class space    used 338K, committed 384K, reserved 1048576K
GC Heap History (11 events):
Event: 0.446 GC heap before
{Heap before GC invocations=0 (full 0):
 garbage-first heap   total 524288K, used 24576K [0x0000000602400000, 0x0000000800000000)
  region size 4096K, 6 young (24576K), 0 survivors (0K)
 Metaspace       used 2925K, committed 3008K, reserved 1114112K
  class space    used 327K, committed 384K, reserved 1048576K
}
Event: 0.449 GC heap after
{Heap after GC invocations=1 (full 0):
 garbage-first heap   total 524288K, used 7552K [0x0000000602400000, 0x0000000800000000)
  region size 4096K, 1 young (4096K), 1 survivors (4096K)
 Metaspace       used 2925K, committed 3008K, reserved 1114112K
  class space    used 327K, committed 384K, reserved 1048576K
}
Event: 0.469 GC heap before
{Heap before GC invocations=1 (full 0):
 garbage-first heap   total 524288K, used 28032K [0x0000000602400000, 0x0000000800000000)
  region size 4096K, 6 young (24576K), 1 survivors (4096K)
 Metaspace       used 2932K, committed 3072K, reserved 1114112K
  class space    used 327K, committed 384K, reserved 1048576K
}
Event: 0.474 GC heap after
{Heap after GC invocations=2 (full 0):
 garbage-first heap   total 524288K, used 16705K [0x0000000602400000, 0x0000000800000000)
  region size 4096K, 1 young (4096K), 1 survivors (4096K)
 Metaspace       used 2932K, committed 3072K, reserved 1114112K
  class space    used 327K, committed 384K, reserved 1048576K
}
Event: 0.572 GC heap before
{Heap before GC invocations=2 (full 0):
 garbage-first heap   total 524288K, used 53569K [0x0000000602400000, 0x0000000800000000)
  region size 4096K, 10 young (40960K), 1 survivors (4096K)
 Metaspace       used 3094K, committed 3200K, reserved 1114112K
  class space    used 338K, committed 384K, reserved 1048576K
}
Event: 0.578 GC heap after
{Heap after GC invocations=3 (full 0):
 garbage-first heap   total 524288K, used 39950K [0x0000000602400000, 0x0000000800000000)
  region size 4096K, 2 young (8192K), 2 survivors (8192K)
 Metaspace       used 3094K, committed 3200K, reserved 1114112K
  class space    used 338K, committed 384K, reserved 1048576K
}
Event: 0.693 GC heap before
{Heap before GC invocations=3 (full 0):
 garbage-first heap   total 524288K, used 76814K [0x0000000602400000, 0x0000000800000000)
  region size 4096K, 11 young (45056K), 2 survivors (8192K)
 Metaspace       used 3099K, committed 3200K, reserved 1114112K
  class space    used 338K, committed 384K, reserved 1048576K
}
Event: 0.696 GC heap after
{Heap after GC invocations=4 (full 0):
 garbage-first heap   total 524288K, used 43277K [0x0000000602400000, 0x0000000800000000)
  region size 4096K, 1 young (4096K), 1 survivors (4096K)
 Metaspace       used 3099K, committed 3200K, reserved 1114112K
  class space    used 338K, committed 384K, reserved 1048576K
}
Event: 0.879 GC heap before
{Heap before GC invocations=4 (full 0):
 garbage-first heap   total 524288K, used 121101K [0x0000000602400000, 0x0000000800000000)
  region size 4096K, 20 young (81920K), 1 survivors (4096K)
 Metaspace       used 3100K, committed 3200K, reserved 1114112K
  class space    used 338K, committed 384K, reserved 1048576K
}
Event: 0.881 GC heap after
{Heap after GC invocations=5 (full 0):
 garbage-first heap   total 524288K, used 45874K [0x0000000602400000, 0x0000000800000000)
  region size 4096K, 2 young (8192K), 2 survivors (8192K)
 Metaspace       used 3100K, committed 3200K, reserved 1114112K
  class space    used 338K, committed 384K, reserved 1048576K
}
Event: 1.251 GC heap before
{Heap before GC invocations=5 (full 0):
 garbage-first heap   total 524288K, used 279346K [0x0000000602400000, 0x0000000800000000)
  region size 4096K, 59 young (241664K), 2 survivors (8192K)
 Metaspace       used 3100K, committed 3200K, reserved 1114112K
  class space    used 338K, committed 384K, reserved 1048576K
}

