# JRE version: OpenJDK Runtime Environment Temurin-21.0.11+10 (21.0.11+10) (build 21.0.11+10-LTS)
# Java VM: OpenJDK 64-Bit Server VM Temurin-21.0.11+10 (21.0.11+10-LTS, mixed mode, sharing, tiered, compressed oops, compressed class ptrs, g1 gc, windows-amd64)
GC Precious Log:
 CardTable entry size: 512
 Card Set container configuration: InlinePtr #cards 4 size 8 Array Of Cards #cards 32 size 80 Howl #buckets 8 coarsen threshold 7372 Howl Bitmap #cards 1024 size 144 coarsen threshold 921 Card regions per heap region 1 cards per card region 8192
 CPUs: 8 total, 8 available
 Memory: 32610M
 Large Page Support: Disabled
 NUMA Support: Disabled
 Compressed Oops: Enabled (Zero based)
 Heap Region Size: 4M
 Heap Min Capacity: 8M
 Heap Initial Capacity: 512M
 Heap Max Capacity: 8156M
 Pre-touch: Disabled
 Parallel Workers: 8
 Concurrent Workers: 2
 Concurrent Refinement Workers: 8
 Periodic GC: Disabled
Heap:
 garbage-first heap   total 524288K, used 29585K [0x0000000602400000, 0x0000000800000000)
  region size 4096K, 1 young (4096K), 1 survivors (4096K)
 Metaspace       used 3104K, committed 3200K, reserved 1114112K
  class space    used 338K, committed 384K, reserved 1048576K
GC Heap History (9 events):
Event: 0.276 GC heap before
{Heap before GC invocations=0 (full 0):
 garbage-first heap   total 524288K, used 24576K [0x0000000602400000, 0x0000000800000000)
  region size 4096K, 6 young (24576K), 0 survivors (0K)
 Metaspace       used 2933K, committed 3072K, reserved 1114112K
  class space    used 327K, committed 384K, reserved 1048576K
}
Event: 0.280 GC heap after
{Heap after GC invocations=1 (full 0):
 garbage-first heap   total 524288K, used 7616K [0x0000000602400000, 0x0000000800000000)
  region size 4096K, 1 young (4096K), 1 survivors (4096K)
 Metaspace       used 2933K, committed 3072K, reserved 1114112K
  class space    used 327K, committed 384K, reserved 1048576K
}
Event: 0.320 GC heap before
{Heap before GC invocations=1 (full 0):
 garbage-first heap   total 524288K, used 28096K [0x0000000602400000, 0x0000000800000000)
  region size 4096K, 6 young (24576K), 1 survivors (4096K)
 Metaspace       used 2983K, committed 3136K, reserved 1114112K
  class space    used 332K, committed 384K, reserved 1048576K
}
Event: 0.325 GC heap after
{Heap after GC invocations=2 (full 0):
 garbage-first heap   total 524288K, used 21758K [0x0000000602400000, 0x0000000800000000)
  region size 4096K, 1 young (4096K), 1 survivors (4096K)
 Metaspace       used 2983K, committed 3136K, reserved 1114112K
  class space    used 332K, committed 384K, reserved 1048576K
}
Event: 0.436 GC heap before
{Heap before GC invocations=2 (full 0):
 garbage-first heap   total 524288K, used 54526K [0x0000000602400000, 0x0000000800000000)
  region size 4096K, 9 young (36864K), 1 survivors (4096K)
 Metaspace       used 3104K, committed 3200K, reserved 1114112K
  class space    used 338K, committed 384K, reserved 1048576K
}
Event: 1.424 GC heap after
{Heap after GC invocations=3 (full 0):
 garbage-first heap   total 524288K, used 24506K [0x0000000602400000, 0x0000000800000000)
  region size 4096K, 2 young (8192K), 2 survivors (8192K)
 Metaspace       used 3104K, committed 3200K, reserved 1114112K
  class space    used 338K, committed 384K, reserved 1048576K
}
Event: 1.465 GC heap before
{Heap before GC invocations=3 (full 0):
 garbage-first heap   total 524288K, used 40890K [0x0000000602400000, 0x0000000800000000)
  region size 4096K, 6 young (24576K), 2 survivors (8192K)
 Metaspace       used 3104K, committed 3200K, reserved 1114112K
  class space    used 338K, committed 384K, reserved 1048576K
}
Event: 1.467 GC heap after
{Heap after GC invocations=4 (full 0):
 garbage-first heap   total 524288K, used 26572K [0x0000000602400000, 0x0000000800000000)
  region size 4096K, 1 young (4096K), 1 survivors (4096K)
 Metaspace       used 3104K, committed 3200K, reserved 1114112K
  class space    used 338K, committed 384K, reserved 1048576K
}
Event: 1.513 GC heap before
{Heap before GC invocations=4 (full 0):
 garbage-first heap   total 524288K, used 47052K [0x0000000602400000, 0x0000000800000000)
  region size 4096K, 6 young (24576K), 1 survivors (4096K)
 Metaspace       used 3104K, committed 3200K, reserved 1114112K
  class space    used 338K, committed 384K, reserved 1048576K
}

